<?xml version="1.0" ?>
<coverage version="7.8.0" timestamp="1745955675131" lines-valid="43" lines-covered="43" line-rate="1" branches-covered="0" branches-valid="0" branch-rate="0" complexity="0">
	<!-- Generated by coverage.py: https://coverage.readthedocs.io/en/7.8.0 -->
	<!-- Based on https://raw.githubusercontent.com/cobertura/web/master/htdocs/xml/coverage-04.dtd -->
	<sources>
		<source>/home/runner/work/labrea-test/labrea-test</source>
	</sources>
	<packages>
		<package name="src.labrea_test" line-rate="1" branch-rate="0" complexity="0">
			<classes>
				<class name="__init__.py" filename="src/labrea_test/__init__.py" complexity="0" line-rate="1" branch-rate="0">
					<methods/>
					<lines>
						<line number="1" hits="1"/>
						<line number="2" hits="1"/>
						<line number="5" hits="1"/>
					</lines>
				</class>
				<class name="_version.py" filename="src/labrea_test/_version.py" complexity="0" line-rate="1" branch-rate="0">
					<methods/>
					<lines>
						<line number="1" hits="1"/>
					</lines>
				</class>
				<class name="mock.py" filename="src/labrea_test/mock.py" complexity="0" line-rate="1" branch-rate="0">
					<methods/>
					<lines>
						<line number="1" hits="1"/>
						<line number="3" hits="1"/>
						<line number="4" hits="1"/>
						<line number="13" hits="1"/>
						<line number="16" hits="1"/>
						<line number="17" hits="1"/>
						<line number="18" hits="1"/>
						<line number="20" hits="1"/>
						<line number="21" hits="1"/>
						<line number="22" hits="1"/>
						<line number="31" hits="1"/>
						<line number="32" hits="1"/>
						<line number="39" hits="1"/>
						<line number="40" hits="1"/>
						<line number="47" hits="1"/>
						<line number="48" hits="1"/>
						<line number="55" hits="1"/>
						<line number="56" hits="1"/>
						<line number="64" hits="1"/>
						<line number="97" hits="1"/>
						<line number="98" hits="1"/>
						<line number="100" hits="1"/>
						<line number="101" hits="1"/>
						<line number="102" hits="1"/>
						<line number="104" hits="1"/>
						<line number="114" hits="1"/>
						<line number="116" hits="1"/>
						<line number="118" hits="1"/>
						<line number="120" hits="1"/>
						<line number="121" hits="1"/>
						<line number="122" hits="1"/>
						<line number="124" hits="1"/>
						<line number="125" hits="1"/>
						<line number="127" hits="1"/>
						<line number="129" hits="1"/>
						<line number="130" hits="1"/>
						<line number="131" hits="1"/>
						<line number="133" hits="1"/>
						<line number="134" hits="1"/>
					</lines>
				</class>
			</classes>
		</package>
	</packages>
</coverage>
